Flow report for UART_embedded_system
Sat Jan 11 19:27:55 2020
Quartus II 64-Bit Version 13.0.1 Build 232 06/12/2013 Service Pack 1 SJ Web Edition


---------------------
; Table of Contents ;
---------------------
  1. Legal Notice
  2. Flow Summary
  3. Flow Settings
  4. Flow Non-Default Global Settings
  5. Flow Elapsed Time
  6. Flow OS Summary
  7. Flow Log
  8. Flow Messages
  9. Flow Suppressed Messages



----------------
; Legal Notice ;
----------------
Copyright (C) 1991-2013 Altera Corporation
Your use of Altera Corporation's design tools, logic functions 
and other software and tools, and its AMPP partner logic 
functions, and any output files from any of the foregoing 
(including device programming or simulation files), and any 
associated documentation or information are expressly subject 
to the terms and conditions of the Altera Program License 
Subscription Agreement, Altera MegaCore Function License 
Agreement, or other applicable license agreement, including, 
without limitation, that your use is for the sole purpose of 
programming logic devices manufactured by Altera and sold by 
Altera or its authorized distributors.  Please refer to the 
applicable agreement for further details.



+--------------------------------------------------------------------------------------+
; Flow Summary                                                                         ;
+------------------------------------+-------------------------------------------------+
; Flow Status                        ; Successful - Sat Jan 11 19:27:50 2020           ;
; Quartus II 64-Bit Version          ; 13.0.1 Build 232 06/12/2013 SP 1 SJ Web Edition ;
; Revision Name                      ; UART_embedded_system                            ;
; Top-level Entity Name              ; UART_embedded_system                            ;
; Family                             ; Cyclone III                                     ;
; Device                             ; EP3C25F324C8                                    ;
; Timing Models                      ; Final                                           ;
; Total logic elements               ; 1,705 / 24,624 ( 7 % )                          ;
;     Total combinational functions  ; 1,570 / 24,624 ( 6 % )                          ;
;     Dedicated logic registers      ; 1,013 / 24,624 ( 4 % )                          ;
; Total registers                    ; 1013                                            ;
; Total pins                         ; 66 / 216 ( 31 % )                               ;
; Total virtual pins                 ; 0                                               ;
; Total memory bits                  ; 44,032 / 608,256 ( 7 % )                        ;
; Embedded Multiplier 9-bit elements ; 0 / 132 ( 0 % )                                 ;
; Total PLLs                         ; 0 / 4 ( 0 % )                                   ;
+------------------------------------+-------------------------------------------------+


+------------------------------------------+
; Flow Settings                            ;
+-------------------+----------------------+
; Option            ; Setting              ;
+-------------------+----------------------+
; Start date & time ; 01/11/2020 19:27:18  ;
; Main task         ; Compilation          ;
; Revision Name     ; UART_embedded_system ;
+-------------------+----------------------+


+-------------------------------------------------------------------------------------------------------------------------------------------------------------------------------------+
; Flow Non-Default Global Settings                                                                                                                                                    ;
+-------------------------------------+------------------------------------------------------------------------+---------------+-----------------------------------------+------------+
; Assignment Name                     ; Value                                                                  ; Default Value ; Entity Name                             ; Section Id ;
+-------------------------------------+------------------------------------------------------------------------+---------------+-----------------------------------------+------------+
; COMPILER_SIGNATURE_ID               ; 115410741692823.157876723817320                                        ; --            ; --                                      ; --         ;
; IP_TOOL_ENV                         ; Qsys                                                                   ; --            ; --                                      ; --         ;
; IP_TOOL_ENV                         ; Qsys                                                                   ; --            ; UART_embedded_system_addr_router        ; --         ;
; IP_TOOL_ENV                         ; Qsys                                                                   ; --            ; UART_embedded_system_addr_router_001    ; --         ;
; IP_TOOL_ENV                         ; Qsys                                                                   ; --            ; UART_embedded_system_cmd_xbar_demux     ; --         ;
; IP_TOOL_ENV                         ; Qsys                                                                   ; --            ; UART_embedded_system_cmd_xbar_demux_001 ; --         ;
; IP_TOOL_ENV                         ; Qsys                                                                   ; --            ; UART_embedded_system_cmd_xbar_mux       ; --         ;
; IP_TOOL_ENV                         ; Qsys                                                                   ; --            ; UART_embedded_system_id_router          ; --         ;
; IP_TOOL_ENV                         ; Qsys                                                                   ; --            ; UART_embedded_system_id_router_002      ; --         ;
; IP_TOOL_ENV                         ; Qsys                                                                   ; --            ; UART_embedded_system_irq_mapper         ; --         ;
; IP_TOOL_ENV                         ; Qsys                                                                   ; --            ; UART_embedded_system_jtag_uart_0        ; --         ;
; IP_TOOL_ENV                         ; Qsys                                                                   ; --            ; UART_embedded_system_nios2_qsys_0       ; --         ;
; IP_TOOL_ENV                         ; Qsys                                                                   ; --            ; UART_embedded_system_onchip_memory2_0   ; --         ;
; IP_TOOL_ENV                         ; Qsys                                                                   ; --            ; UART_embedded_system_rsp_xbar_demux_002 ; --         ;
; IP_TOOL_ENV                         ; Qsys                                                                   ; --            ; UART_embedded_system_rsp_xbar_mux       ; --         ;
; IP_TOOL_ENV                         ; Qsys                                                                   ; --            ; UART_embedded_system_rsp_xbar_mux_001   ; --         ;
; IP_TOOL_ENV                         ; Qsys                                                                   ; --            ; altera_avalon_sc_fifo                   ; --         ;
; IP_TOOL_ENV                         ; Qsys                                                                   ; --            ; altera_merlin_master_agent              ; --         ;
; IP_TOOL_ENV                         ; Qsys                                                                   ; --            ; altera_merlin_master_translator         ; --         ;
; IP_TOOL_ENV                         ; Qsys                                                                   ; --            ; altera_merlin_slave_agent               ; --         ;
; IP_TOOL_ENV                         ; Qsys                                                                   ; --            ; altera_merlin_slave_translator          ; --         ;
; IP_TOOL_ENV                         ; Qsys                                                                   ; --            ; altera_reset_controller                 ; --         ;
; IP_TOOL_NAME                        ; Qsys                                                                   ; --            ; --                                      ; --         ;
; IP_TOOL_NAME                        ; altera_merlin_router                                                   ; --            ; UART_embedded_system_addr_router        ; --         ;
; IP_TOOL_NAME                        ; altera_merlin_router                                                   ; --            ; UART_embedded_system_addr_router_001    ; --         ;
; IP_TOOL_NAME                        ; altera_merlin_demultiplexer                                            ; --            ; UART_embedded_system_cmd_xbar_demux     ; --         ;
; IP_TOOL_NAME                        ; altera_merlin_demultiplexer                                            ; --            ; UART_embedded_system_cmd_xbar_demux_001 ; --         ;
; IP_TOOL_NAME                        ; altera_merlin_multiplexer                                              ; --            ; UART_embedded_system_cmd_xbar_mux       ; --         ;
; IP_TOOL_NAME                        ; altera_merlin_router                                                   ; --            ; UART_embedded_system_id_router          ; --         ;
; IP_TOOL_NAME                        ; altera_merlin_router                                                   ; --            ; UART_embedded_system_id_router_002      ; --         ;
; IP_TOOL_NAME                        ; altera_irq_mapper                                                      ; --            ; UART_embedded_system_irq_mapper         ; --         ;
; IP_TOOL_NAME                        ; altera_avalon_jtag_uart                                                ; --            ; UART_embedded_system_jtag_uart_0        ; --         ;
; IP_TOOL_NAME                        ; altera_nios2_qsys                                                      ; --            ; UART_embedded_system_nios2_qsys_0       ; --         ;
; IP_TOOL_NAME                        ; altera_avalon_onchip_memory2                                           ; --            ; UART_embedded_system_onchip_memory2_0   ; --         ;
; IP_TOOL_NAME                        ; altera_merlin_demultiplexer                                            ; --            ; UART_embedded_system_rsp_xbar_demux_002 ; --         ;
; IP_TOOL_NAME                        ; altera_merlin_multiplexer                                              ; --            ; UART_embedded_system_rsp_xbar_mux       ; --         ;
; IP_TOOL_NAME                        ; altera_merlin_multiplexer                                              ; --            ; UART_embedded_system_rsp_xbar_mux_001   ; --         ;
; IP_TOOL_NAME                        ; altera_avalon_sc_fifo                                                  ; --            ; altera_avalon_sc_fifo                   ; --         ;
; IP_TOOL_NAME                        ; altera_merlin_master_agent                                             ; --            ; altera_merlin_master_agent              ; --         ;
; IP_TOOL_NAME                        ; altera_merlin_master_translator                                        ; --            ; altera_merlin_master_translator         ; --         ;
; IP_TOOL_NAME                        ; altera_merlin_slave_agent                                              ; --            ; altera_merlin_slave_agent               ; --         ;
; IP_TOOL_NAME                        ; altera_merlin_slave_translator                                         ; --            ; altera_merlin_slave_translator          ; --         ;
; IP_TOOL_NAME                        ; altera_reset_controller                                                ; --            ; altera_reset_controller                 ; --         ;
; IP_TOOL_VERSION                     ; 13.0sp1                                                                ; --            ; --                                      ; --         ;
; IP_TOOL_VERSION                     ; 13.0                                                                   ; --            ; UART_embedded_system_addr_router        ; --         ;
; IP_TOOL_VERSION                     ; 13.0                                                                   ; --            ; UART_embedded_system_addr_router_001    ; --         ;
; IP_TOOL_VERSION                     ; 13.0                                                                   ; --            ; UART_embedded_system_cmd_xbar_demux     ; --         ;
; IP_TOOL_VERSION                     ; 13.0                                                                   ; --            ; UART_embedded_system_cmd_xbar_demux_001 ; --         ;
; IP_TOOL_VERSION                     ; 13.0                                                                   ; --            ; UART_embedded_system_cmd_xbar_mux       ; --         ;
; IP_TOOL_VERSION                     ; 13.0                                                                   ; --            ; UART_embedded_system_id_router          ; --         ;
; IP_TOOL_VERSION                     ; 13.0                                                                   ; --            ; UART_embedded_system_id_router_002      ; --         ;
; IP_TOOL_VERSION                     ; 13.0                                                                   ; --            ; UART_embedded_system_irq_mapper         ; --         ;
; IP_TOOL_VERSION                     ; 13.0.1.99.2                                                            ; --            ; UART_embedded_system_jtag_uart_0        ; --         ;
; IP_TOOL_VERSION                     ; 13.0                                                                   ; --            ; UART_embedded_system_nios2_qsys_0       ; --         ;
; IP_TOOL_VERSION                     ; 13.0.1.99.2                                                            ; --            ; UART_embedded_system_onchip_memory2_0   ; --         ;
; IP_TOOL_VERSION                     ; 13.0                                                                   ; --            ; UART_embedded_system_rsp_xbar_demux_002 ; --         ;
; IP_TOOL_VERSION                     ; 13.0                                                                   ; --            ; UART_embedded_system_rsp_xbar_mux       ; --         ;
; IP_TOOL_VERSION                     ; 13.0                                                                   ; --            ; UART_embedded_system_rsp_xbar_mux_001   ; --         ;
; IP_TOOL_VERSION                     ; 13.0                                                                   ; --            ; altera_avalon_sc_fifo                   ; --         ;
; IP_TOOL_VERSION                     ; 13.0                                                                   ; --            ; altera_merlin_master_agent              ; --         ;
; IP_TOOL_VERSION                     ; 13.0                                                                   ; --            ; altera_merlin_master_translator         ; --         ;
; IP_TOOL_VERSION                     ; 13.0                                                                   ; --            ; altera_merlin_slave_agent               ; --         ;
; IP_TOOL_VERSION                     ; 13.0                                                                   ; --            ; altera_merlin_slave_translator          ; --         ;
; IP_TOOL_VERSION                     ; 13.0                                                                   ; --            ; altera_reset_controller                 ; --         ;
; MAX_CORE_JUNCTION_TEMP              ; 85                                                                     ; --            ; --                                      ; --         ;
; MIN_CORE_JUNCTION_TEMP              ; 0                                                                      ; --            ; --                                      ; --         ;
; MISC_FILE                           ; synthesis/../../UART_embedded_system.cmp                               ; --            ; --                                      ; --         ;
; MISC_FILE                           ; synthesis/../../UART_embedded_system.qsys                              ; --            ; --                                      ; --         ;
; NOMINAL_CORE_SUPPLY_VOLTAGE         ; 1.2V                                                                   ; --            ; --                                      ; --         ;
; PARTITION_COLOR                     ; 16764057                                                               ; --            ; --                                      ; Top        ;
; PARTITION_FITTER_PRESERVATION_LEVEL ; PLACEMENT_AND_ROUTING                                                  ; --            ; --                                      ; Top        ;
; PARTITION_NETLIST_TYPE              ; SOURCE                                                                 ; --            ; --                                      ; Top        ;
; POWER_BOARD_THERMAL_MODEL           ; None (CONSERVATIVE)                                                    ; --            ; --                                      ; --         ;
; POWER_PRESET_COOLING_SOLUTION       ; 23 MM HEAT SINK WITH 200 LFPM AIRFLOW                                  ; --            ; --                                      ; --         ;
; PROJECT_OUTPUT_DIRECTORY            ; output_files                                                           ; --            ; --                                      ; --         ;
; SLD_INFO                            ; QSYS_NAME UART_embedded_system HAS_SOPCINFO 1 GENERATION_ID 1578765470 ; --            ; --                                      ; --         ;
; SOPCINFO_FILE                       ; synthesis/../../UART_embedded_system.sopcinfo                          ; --            ; --                                      ; --         ;
; SYNTHESIS_ONLY_QIP                  ; On                                                                     ; --            ; --                                      ; --         ;
+-------------------------------------+------------------------------------------------------------------------+---------------+-----------------------------------------+------------+


+-------------------------------------------------------------------------------------------------------------------------------+
; Flow Elapsed Time                                                                                                             ;
+---------------------------+--------------+-------------------------+---------------------+------------------------------------+
; Module Name               ; Elapsed Time ; Average Processors Used ; Peak Virtual Memory ; Total CPU Time (on all processors) ;
+---------------------------+--------------+-------------------------+---------------------+------------------------------------+
; Analysis & Synthesis      ; 00:00:12     ; 1.0                     ; 4717 MB             ; 00:00:10                           ;
; Fitter                    ; 00:00:15     ; 1.0                     ; 4934 MB             ; 00:00:14                           ;
; Assembler                 ; 00:00:02     ; 1.0                     ; 4559 MB             ; 00:00:02                           ;
; TimeQuest Timing Analyzer ; 00:00:04     ; 1.0                     ; 4633 MB             ; 00:00:04                           ;
; Total                     ; 00:00:33     ; --                      ; --                  ; 00:00:30                           ;
+---------------------------+--------------+-------------------------+---------------------+------------------------------------+


+----------------------------------------------------------------------------------------+
; Flow OS Summary                                                                        ;
+---------------------------+------------------+-----------+------------+----------------+
; Module Name               ; Machine Hostname ; OS Name   ; OS Version ; Processor type ;
+---------------------------+------------------+-----------+------------+----------------+
; Analysis & Synthesis      ; OMAR-PC          ; Windows 7 ; 6.2        ; x86_64         ;
; Fitter                    ; OMAR-PC          ; Windows 7 ; 6.2        ; x86_64         ;
; Assembler                 ; OMAR-PC          ; Windows 7 ; 6.2        ; x86_64         ;
; TimeQuest Timing Analyzer ; OMAR-PC          ; Windows 7 ; 6.2        ; x86_64         ;
+---------------------------+------------------+-----------+------------+----------------+


------------
; Flow Log ;
------------
quartus_map --read_settings_files=on --write_settings_files=off UART_embedded_system -c UART_embedded_system
quartus_fit --read_settings_files=off --write_settings_files=off UART_embedded_system -c UART_embedded_system
quartus_asm --read_settings_files=off --write_settings_files=off UART_embedded_system -c UART_embedded_system
quartus_sta UART_embedded_system -c UART_embedded_system



